build/outputs/logs/manifest-merger-debug-report.txt
-- Merging decision tree log ---
manifest
ADDED from ACA PIMP\AMM\AndroidManifest.xml:2:1-426:12
	package
		ADDED from ACA PIMP\AMM\AndroidManifest.xml:3:5-27
	android:versionName
		ADDED from ACA PIMP\AMM\AndroidManifest.xml:5:5-30
		INJECTED from ACA PIMP\AMM\AndroidManifest.xml
		INJECTED from ACA PIMP\AMM\AndroidManifest.xml
	android:versionCode
		ADDED from ACA PIMP\AMM\AndroidManifest.xml:4:5-28
		INJECTED from ACA PIMP\AMM\AndroidManifest.xml
		INJECTED from ACA PIMP\AMM\AndroidManifest.xml
	xmlns:android
		ADDED from ACA PIMP\AMM\AndroidManifest.xml:2:11-69
uses-sdk
ADDED from ACA PIMP\AMM\AndroidManifest.xml:7:5-9:41
MERGED from [com.github.Raizlabs.DBFlow:dbflow:3.0.0-beta5] AndroidManifest.xml:7:5-9:41
	android:targetSdkVersion
		ADDED from ACA PIMP\AMM\AndroidManifest.xml:9:9-38
	android:minSdkVersion
		ADDED from ACA PIMP\AMM\AndroidManifest.xml:8:9-35
uses-permission#android.permission.ACCESS_NETWORK_STATE
ADDED from ACA PIMP\AMM\AndroidManifest.xml:11:5-79
	android:name
		ADDED from ACA PIMP\AMM\AndroidManifest.xml:11:22-76
uses-permission#android.permission.INTERNET
ADDED from ACA PIMP\AMM\AndroidManifest.xml:12:5-67
	android:name
		ADDED from ACA PIMP\AMM\AndroidManifest.xml:12:22-64
uses-permission#android.permission.WRITE_SETTINGS
ADDED from ACA PIMP\AMM\AndroidManifest.xml:13:5-73
	android:name
		ADDED from ACA PIMP\AMM\AndroidManifest.xml:13:22-70
uses-permission#android.permission.GET_ACCOUNTS
ADDED from ACA PIMP\AMM\AndroidManifest.xml:14:5-71
	android:name
		ADDED from ACA PIMP\AMM\AndroidManifest.xml:14:22-68
uses-permission#android.permission.READ_PROFILE
ADDED from ACA PIMP\AMM\AndroidManifest.xml:15:5-71
	android:name
		ADDED from ACA PIMP\AMM\AndroidManifest.xml:15:22-68
uses-permission#android.permission.READ_CONTACTS
ADDED from ACA PIMP\AMM\AndroidManifest.xml:16:5-72
	android:name
		ADDED from ACA PIMP\AMM\AndroidManifest.xml:16:22-69
uses-permission#android.permission.WRITE_EXTERNAL_STORAGE
ADDED from ACA PIMP\AMM\AndroidManifest.xml:17:5-81
	android:name
		ADDED from ACA PIMP\AMM\AndroidManifest.xml:17:22-78
uses-feature#android.hardware.camera
ADDED from ACA PIMP\AMM\AndroidManifest.xml:19:5-21:36
	android:required
		ADDED from ACA PIMP\AMM\AndroidManifest.xml:21:9-33
	android:name
		ADDED from ACA PIMP\AMM\AndroidManifest.xml:20:9-47
uses-feature#android.hardware.camera.autofocus
ADDED from ACA PIMP\AMM\AndroidManifest.xml:22:5-24:36
	android:required
		ADDED from ACA PIMP\AMM\AndroidManifest.xml:24:9-33
	android:name
		ADDED from ACA PIMP\AMM\AndroidManifest.xml:23:9-57
supports-screens
ADDED from ACA PIMP\AMM\AndroidManifest.xml:26:5-25
application
ADDED from ACA PIMP\AMM\AndroidManifest.xml:28:5-424:19
MERGED from [com.github.Raizlabs.DBFlow:dbflow:3.0.0-beta5] AndroidManifest.xml:11:5-20
	android:label
		ADDED from ACA PIMP\AMM\AndroidManifest.xml:32:9-41
	android:allowBackup
		ADDED from ACA PIMP\AMM\AndroidManifest.xml:30:9-35
	android:icon
		ADDED from ACA PIMP\AMM\AndroidManifest.xml:31:9-45
	android:theme
		ADDED from ACA PIMP\AMM\AndroidManifest.xml:33:9-40
	android:name
		ADDED from ACA PIMP\AMM\AndroidManifest.xml:29:9-40
activity#com.aca.pimp.SplashActivity
ADDED from ACA PIMP\AMM\AndroidManifest.xml:34:9-43:20
	android:screenOrientation
		ADDED from ACA PIMP\AMM\AndroidManifest.xml:37:13-49
	android:label
		ADDED from ACA PIMP\AMM\AndroidManifest.xml:36:13-45
	android:name
		ADDED from ACA PIMP\AMM\AndroidManifest.xml:35:13-55
intent-filter#android.intent.action.MAIN+android.intent.category.LAUNCHER
ADDED from ACA PIMP\AMM\AndroidManifest.xml:38:13-42:29
action#android.intent.action.MAIN
ADDED from ACA PIMP\AMM\AndroidManifest.xml:39:17-69
	android:name
		ADDED from ACA PIMP\AMM\AndroidManifest.xml:39:25-66
category#android.intent.category.LAUNCHER
ADDED from ACA PIMP\AMM\AndroidManifest.xml:41:17-77
	android:name
		ADDED from ACA PIMP\AMM\AndroidManifest.xml:41:27-74
activity#com.aca.pimp.FirstActivity
ADDED from ACA PIMP\AMM\AndroidManifest.xml:44:9-48:20
	android:screenOrientation
		ADDED from ACA PIMP\AMM\AndroidManifest.xml:47:13-49
	android:label
		ADDED from ACA PIMP\AMM\AndroidManifest.xml:46:13-57
	android:name
		ADDED from ACA PIMP\AMM\AndroidManifest.xml:45:13-54
activity#com.aca.pimp.CustomerActivity
ADDED from ACA PIMP\AMM\AndroidManifest.xml:49:9-53:20
	android:screenOrientation
		ADDED from ACA PIMP\AMM\AndroidManifest.xml:52:13-49
	android:label
		ADDED from ACA PIMP\AMM\AndroidManifest.xml:51:13-60
	android:name
		ADDED from ACA PIMP\AMM\AndroidManifest.xml:50:13-57
activity#com.aca.pimp.ChooseProductActivity
ADDED from ACA PIMP\AMM\AndroidManifest.xml:54:9-58:20
	android:screenOrientation
		ADDED from ACA PIMP\AMM\AndroidManifest.xml:57:13-49
	android:label
		ADDED from ACA PIMP\AMM\AndroidManifest.xml:56:13-65
	android:name
		ADDED from ACA PIMP\AMM\AndroidManifest.xml:55:13-62
activity#com.aca.pimp.ChooseCustomerActivity
ADDED from ACA PIMP\AMM\AndroidManifest.xml:59:9-74:20
	android:screenOrientation
		ADDED from ACA PIMP\AMM\AndroidManifest.xml:63:13-49
	android:label
		ADDED from ACA PIMP\AMM\AndroidManifest.xml:61:13-67
	android:launchMode
		ADDED from ACA PIMP\AMM\AndroidManifest.xml:62:13-43
	android:name
		ADDED from ACA PIMP\AMM\AndroidManifest.xml:60:13-63
intent-filter#android.intent.action.SEARCH
ADDED from ACA PIMP\AMM\AndroidManifest.xml:64:13-66:29
action#android.intent.action.SEARCH
ADDED from ACA PIMP\AMM\AndroidManifest.xml:65:17-71
	android:name
		ADDED from ACA PIMP\AMM\AndroidManifest.xml:65:25-68
intent-filter#android.intent.action.VIEW
ADDED from ACA PIMP\AMM\AndroidManifest.xml:67:13-69:29
action#android.intent.action.VIEW
ADDED from ACA PIMP\AMM\AndroidManifest.xml:68:17-69
	android:name
		ADDED from ACA PIMP\AMM\AndroidManifest.xml:68:25-66
meta-data#android.app.searchable
ADDED from ACA PIMP\AMM\AndroidManifest.xml:71:13-73:57
	android:resource
		ADDED from ACA PIMP\AMM\AndroidManifest.xml:73:17-54
	android:name
		ADDED from ACA PIMP\AMM\AndroidManifest.xml:72:17-54
activity#com.aca.pimp.ConfirmActivity
ADDED from ACA PIMP\AMM\AndroidManifest.xml:75:9-79:20
	android:screenOrientation
		ADDED from ACA PIMP\AMM\AndroidManifest.xml:78:13-49
	android:label
		ADDED from ACA PIMP\AMM\AndroidManifest.xml:77:13-59
	android:name
		ADDED from ACA PIMP\AMM\AndroidManifest.xml:76:13-56
activity#com.aca.pimp.FillOtomateActivity
ADDED from ACA PIMP\AMM\AndroidManifest.xml:81:9-85:20
	android:screenOrientation
		ADDED from ACA PIMP\AMM\AndroidManifest.xml:84:13-49
	android:label
		ADDED from ACA PIMP\AMM\AndroidManifest.xml:83:13-64
	android:name
		ADDED from ACA PIMP\AMM\AndroidManifest.xml:82:13-60
activity#com.aca.pimp.FillAsriActivity
ADDED from ACA PIMP\AMM\AndroidManifest.xml:86:9-90:20
	android:screenOrientation
		ADDED from ACA PIMP\AMM\AndroidManifest.xml:89:13-49
	android:label
		ADDED from ACA PIMP\AMM\AndroidManifest.xml:88:13-61
	android:name
		ADDED from ACA PIMP\AMM\AndroidManifest.xml:87:13-57
activity#com.aca.pimp.FillTravelActivity
ADDED from ACA PIMP\AMM\AndroidManifest.xml:91:9-95:20
	android:screenOrientation
		ADDED from ACA PIMP\AMM\AndroidManifest.xml:94:13-49
	android:label
		ADDED from ACA PIMP\AMM\AndroidManifest.xml:93:13-63
	android:name
		ADDED from ACA PIMP\AMM\AndroidManifest.xml:92:13-59
activity#com.aca.pimp.SignatureActivity
ADDED from ACA PIMP\AMM\AndroidManifest.xml:96:9-100:20
	android:screenOrientation
		ADDED from ACA PIMP\AMM\AndroidManifest.xml:99:13-49
	android:label
		ADDED from ACA PIMP\AMM\AndroidManifest.xml:98:13-61
	android:name
		ADDED from ACA PIMP\AMM\AndroidManifest.xml:97:13-58
activity#com.aca.pimp.FillTravelDomActivity
ADDED from ACA PIMP\AMM\AndroidManifest.xml:101:9-105:20
	android:screenOrientation
		ADDED from ACA PIMP\AMM\AndroidManifest.xml:104:13-49
	android:label
		ADDED from ACA PIMP\AMM\AndroidManifest.xml:103:13-67
	android:name
		ADDED from ACA PIMP\AMM\AndroidManifest.xml:102:13-62
activity#com.aca.pimp.FillMedisafe
ADDED from ACA PIMP\AMM\AndroidManifest.xml:106:9-110:20
	android:screenOrientation
		ADDED from ACA PIMP\AMM\AndroidManifest.xml:109:13-49
	android:label
		ADDED from ACA PIMP\AMM\AndroidManifest.xml:108:13-65
	android:name
		ADDED from ACA PIMP\AMM\AndroidManifest.xml:107:13-53
activity#com.aca.pimp.FillExecutiveActivity
ADDED from ACA PIMP\AMM\AndroidManifest.xml:111:9-115:20
	android:screenOrientation
		ADDED from ACA PIMP\AMM\AndroidManifest.xml:114:13-49
	android:label
		ADDED from ACA PIMP\AMM\AndroidManifest.xml:113:13-66
	android:name
		ADDED from ACA PIMP\AMM\AndroidManifest.xml:112:13-62
activity#com.aca.pimp.FillTokoActivity
ADDED from ACA PIMP\AMM\AndroidManifest.xml:116:9-120:20
	android:screenOrientation
		ADDED from ACA PIMP\AMM\AndroidManifest.xml:119:13-49
	android:label
		ADDED from ACA PIMP\AMM\AndroidManifest.xml:118:13-61
	android:name
		ADDED from ACA PIMP\AMM\AndroidManifest.xml:117:13-57
activity#com.aca.pimp.FillOtomateSyariahActivity
ADDED from ACA PIMP\AMM\AndroidManifest.xml:121:9-125:20
	android:screenOrientation
		ADDED from ACA PIMP\AMM\AndroidManifest.xml:124:13-49
	android:label
		ADDED from ACA PIMP\AMM\AndroidManifest.xml:123:13-72
	android:name
		ADDED from ACA PIMP\AMM\AndroidManifest.xml:122:13-67
activity#com.aca.pimp.FillAsriSyariahActivity
ADDED from ACA PIMP\AMM\AndroidManifest.xml:126:9-130:20
	android:screenOrientation
		ADDED from ACA PIMP\AMM\AndroidManifest.xml:129:13-49
	android:label
		ADDED from ACA PIMP\AMM\AndroidManifest.xml:128:13-69
	android:name
		ADDED from ACA PIMP\AMM\AndroidManifest.xml:127:13-64
activity#com.aca.pimp.FillPAAmanahActivity
ADDED from ACA PIMP\AMM\AndroidManifest.xml:131:9-135:20
	android:screenOrientation
		ADDED from ACA PIMP\AMM\AndroidManifest.xml:134:13-49
	android:label
		ADDED from ACA PIMP\AMM\AndroidManifest.xml:133:13-65
	android:name
		ADDED from ACA PIMP\AMM\AndroidManifest.xml:132:13-61
activity#com.aca.pimp.NewsActivity
ADDED from ACA PIMP\AMM\AndroidManifest.xml:136:9-140:20
	android:screenOrientation
		ADDED from ACA PIMP\AMM\AndroidManifest.xml:139:13-49
	android:label
		ADDED from ACA PIMP\AMM\AndroidManifest.xml:138:13-56
	android:name
		ADDED from ACA PIMP\AMM\AndroidManifest.xml:137:13-53
activity#com.aca.pimp.ReadNewsActivity
ADDED from ACA PIMP\AMM\AndroidManifest.xml:141:9-145:20
	android:screenOrientation
		ADDED from ACA PIMP\AMM\AndroidManifest.xml:144:13-49
	android:label
		ADDED from ACA PIMP\AMM\AndroidManifest.xml:143:13-59
	android:name
		ADDED from ACA PIMP\AMM\AndroidManifest.xml:142:13-57
activity#com.aca.pimp.SPPAActivity
ADDED from ACA PIMP\AMM\AndroidManifest.xml:147:9-151:20
	android:screenOrientation
		ADDED from ACA PIMP\AMM\AndroidManifest.xml:150:13-49
	android:label
		ADDED from ACA PIMP\AMM\AndroidManifest.xml:149:13-56
	android:name
		ADDED from ACA PIMP\AMM\AndroidManifest.xml:148:13-53
activity#com.aca.pimp.SyncActivity
ADDED from ACA PIMP\AMM\AndroidManifest.xml:152:9-156:20
	android:screenOrientation
		ADDED from ACA PIMP\AMM\AndroidManifest.xml:155:13-49
	android:label
		ADDED from ACA PIMP\AMM\AndroidManifest.xml:154:13-56
	android:name
		ADDED from ACA PIMP\AMM\AndroidManifest.xml:153:13-53
activity#com.aca.pimp.InfoOtomateActivity
ADDED from ACA PIMP\AMM\AndroidManifest.xml:157:9-161:20
	android:screenOrientation
		ADDED from ACA PIMP\AMM\AndroidManifest.xml:160:13-49
	android:label
		ADDED from ACA PIMP\AMM\AndroidManifest.xml:159:13-64
	android:name
		ADDED from ACA PIMP\AMM\AndroidManifest.xml:158:13-60
activity#com.aca.pimp.InfoAsriActivity
ADDED from ACA PIMP\AMM\AndroidManifest.xml:162:9-166:20
	android:screenOrientation
		ADDED from ACA PIMP\AMM\AndroidManifest.xml:165:13-49
	android:label
		ADDED from ACA PIMP\AMM\AndroidManifest.xml:164:13-61
	android:name
		ADDED from ACA PIMP\AMM\AndroidManifest.xml:163:13-57
activity#com.aca.pimp.InfoAsriSyariahActivity
ADDED from ACA PIMP\AMM\AndroidManifest.xml:167:9-171:20
	android:screenOrientation
		ADDED from ACA PIMP\AMM\AndroidManifest.xml:170:13-49
	android:label
		ADDED from ACA PIMP\AMM\AndroidManifest.xml:169:13-68
	android:name
		ADDED from ACA PIMP\AMM\AndroidManifest.xml:168:13-64
activity#com.aca.pimp.InfoOtomateSyariahActivity
ADDED from ACA PIMP\AMM\AndroidManifest.xml:172:9-176:20
	android:screenOrientation
		ADDED from ACA PIMP\AMM\AndroidManifest.xml:175:13-49
	android:label
		ADDED from ACA PIMP\AMM\AndroidManifest.xml:174:13-72
	android:name
		ADDED from ACA PIMP\AMM\AndroidManifest.xml:173:13-67
activity#com.aca.pimp.InfoMedisafeActivity
ADDED from ACA PIMP\AMM\AndroidManifest.xml:177:9-181:20
	android:screenOrientation
		ADDED from ACA PIMP\AMM\AndroidManifest.xml:180:13-49
	android:label
		ADDED from ACA PIMP\AMM\AndroidManifest.xml:179:13-65
	android:name
		ADDED from ACA PIMP\AMM\AndroidManifest.xml:178:13-61
activity#com.aca.pimp.InfoPAAmanahActivity
ADDED from ACA PIMP\AMM\AndroidManifest.xml:182:9-186:20
	android:screenOrientation
		ADDED from ACA PIMP\AMM\AndroidManifest.xml:185:13-49
	android:label
		ADDED from ACA PIMP\AMM\AndroidManifest.xml:184:13-65
	android:name
		ADDED from ACA PIMP\AMM\AndroidManifest.xml:183:13-61
activity#com.aca.pimp.InfoTokoActivity
ADDED from ACA PIMP\AMM\AndroidManifest.xml:187:9-191:20
	android:screenOrientation
		ADDED from ACA PIMP\AMM\AndroidManifest.xml:190:13-49
	android:label
		ADDED from ACA PIMP\AMM\AndroidManifest.xml:189:13-61
	android:name
		ADDED from ACA PIMP\AMM\AndroidManifest.xml:188:13-57
activity#com.aca.pimp.InfoTravelActivity
ADDED from ACA PIMP\AMM\AndroidManifest.xml:192:9-196:20
	android:screenOrientation
		ADDED from ACA PIMP\AMM\AndroidManifest.xml:195:13-49
	android:label
		ADDED from ACA PIMP\AMM\AndroidManifest.xml:194:13-63
	android:name
		ADDED from ACA PIMP\AMM\AndroidManifest.xml:193:13-59
activity#com.aca.pimp.InfoTravelDomActivity
ADDED from ACA PIMP\AMM\AndroidManifest.xml:197:9-201:20
	android:screenOrientation
		ADDED from ACA PIMP\AMM\AndroidManifest.xml:200:13-49
	android:label
		ADDED from ACA PIMP\AMM\AndroidManifest.xml:199:13-67
	android:name
		ADDED from ACA PIMP\AMM\AndroidManifest.xml:198:13-62
activity#com.aca.pimp.InfoExecutiveActivity
ADDED from ACA PIMP\AMM\AndroidManifest.xml:202:9-206:20
	android:screenOrientation
		ADDED from ACA PIMP\AMM\AndroidManifest.xml:205:13-49
	android:label
		ADDED from ACA PIMP\AMM\AndroidManifest.xml:204:13-66
	android:name
		ADDED from ACA PIMP\AMM\AndroidManifest.xml:203:13-62
activity#com.aca.pimp.LoginActivity
ADDED from ACA PIMP\AMM\AndroidManifest.xml:207:9-211:20
	android:screenOrientation
		ADDED from ACA PIMP\AMM\AndroidManifest.xml:210:13-49
	android:label
		ADDED from ACA PIMP\AMM\AndroidManifest.xml:209:13-57
	android:name
		ADDED from ACA PIMP\AMM\AndroidManifest.xml:208:13-54
activity#com.aca.pimp.CaptureSignature
ADDED from ACA PIMP\AMM\AndroidManifest.xml:212:9-216:20
	android:screenOrientation
		ADDED from ACA PIMP\AMM\AndroidManifest.xml:215:13-49
	android:label
		ADDED from ACA PIMP\AMM\AndroidManifest.xml:214:13-69
	android:name
		ADDED from ACA PIMP\AMM\AndroidManifest.xml:213:13-57
activity#com.aca.pimp.MoreActivity
ADDED from ACA PIMP\AMM\AndroidManifest.xml:217:9-221:20
	android:screenOrientation
		ADDED from ACA PIMP\AMM\AndroidManifest.xml:220:13-49
	android:label
		ADDED from ACA PIMP\AMM\AndroidManifest.xml:219:13-56
	android:name
		ADDED from ACA PIMP\AMM\AndroidManifest.xml:218:13-53
activity#com.aca.pimp.SyncIncompleteActivity
ADDED from ACA PIMP\AMM\AndroidManifest.xml:222:9-225:20
	android:label
		ADDED from ACA PIMP\AMM\AndroidManifest.xml:224:13-67
	android:name
		ADDED from ACA PIMP\AMM\AndroidManifest.xml:223:13-63
activity#com.aca.pimp.SyncUnsyncActivity
ADDED from ACA PIMP\AMM\AndroidManifest.xml:226:9-229:20
	android:label
		ADDED from ACA PIMP\AMM\AndroidManifest.xml:228:13-63
	android:name
		ADDED from ACA PIMP\AMM\AndroidManifest.xml:227:13-59
activity#com.aca.pimp.SyncUnpaidActivity
ADDED from ACA PIMP\AMM\AndroidManifest.xml:230:9-233:20
	android:label
		ADDED from ACA PIMP\AMM\AndroidManifest.xml:232:13-63
	android:name
		ADDED from ACA PIMP\AMM\AndroidManifest.xml:231:13-59
activity#com.aca.pimp.PaidSPPAActivity
ADDED from ACA PIMP\AMM\AndroidManifest.xml:234:9-238:20
	android:screenOrientation
		ADDED from ACA PIMP\AMM\AndroidManifest.xml:237:13-49
	android:label
		ADDED from ACA PIMP\AMM\AndroidManifest.xml:236:13-61
	android:name
		ADDED from ACA PIMP\AMM\AndroidManifest.xml:235:13-57
activity#com.aca.pimp.ChooseCustomerForBuyActivity
ADDED from ACA PIMP\AMM\AndroidManifest.xml:239:9-254:20
	android:screenOrientation
		ADDED from ACA PIMP\AMM\AndroidManifest.xml:243:13-49
	android:label
		ADDED from ACA PIMP\AMM\AndroidManifest.xml:241:13-75
	android:launchMode
		ADDED from ACA PIMP\AMM\AndroidManifest.xml:242:13-43
	android:name
		ADDED from ACA PIMP\AMM\AndroidManifest.xml:240:13-69
activity#com.aca.pimp.PhotoListActivity
ADDED from ACA PIMP\AMM\AndroidManifest.xml:255:9-259:20
	android:screenOrientation
		ADDED from ACA PIMP\AMM\AndroidManifest.xml:258:13-49
	android:label
		ADDED from ACA PIMP\AMM\AndroidManifest.xml:257:13-62
	android:name
		ADDED from ACA PIMP\AMM\AndroidManifest.xml:256:13-58
activity#com.aca.pimp.PhotoTakeActivity
ADDED from ACA PIMP\AMM\AndroidManifest.xml:260:9-264:20
	android:screenOrientation
		ADDED from ACA PIMP\AMM\AndroidManifest.xml:263:13-49
	android:label
		ADDED from ACA PIMP\AMM\AndroidManifest.xml:262:13-62
	android:name
		ADDED from ACA PIMP\AMM\AndroidManifest.xml:261:13-58
activity#com.aca.pimp.UploadPhotoActivity
ADDED from ACA PIMP\AMM\AndroidManifest.xml:265:9-269:20
	android:screenOrientation
		ADDED from ACA PIMP\AMM\AndroidManifest.xml:268:13-49
	android:label
		ADDED from ACA PIMP\AMM\AndroidManifest.xml:267:13-64
	android:name
		ADDED from ACA PIMP\AMM\AndroidManifest.xml:266:13-60
activity#com.aca.pimp.ContactUsActivity
ADDED from ACA PIMP\AMM\AndroidManifest.xml:270:9-273:20
	android:label
		ADDED from ACA PIMP\AMM\AndroidManifest.xml:272:13-62
	android:name
		ADDED from ACA PIMP\AMM\AndroidManifest.xml:271:13-58
activity#com.aca.pimp.InfoACAMobilActivity
ADDED from ACA PIMP\AMM\AndroidManifest.xml:275:9-278:20
	android:label
		ADDED from ACA PIMP\AMM\AndroidManifest.xml:277:13-65
	android:name
		ADDED from ACA PIMP\AMM\AndroidManifest.xml:276:13-61
activity#com.aca.pimp.FillACAMobilActivity
ADDED from ACA PIMP\AMM\AndroidManifest.xml:279:9-282:20
	android:label
		ADDED from ACA PIMP\AMM\AndroidManifest.xml:281:13-65
	android:name
		ADDED from ACA PIMP\AMM\AndroidManifest.xml:280:13-61
activity#com.aca.pimp.FillCargoActivity
ADDED from ACA PIMP\AMM\AndroidManifest.xml:283:9-286:20
	android:label
		ADDED from ACA PIMP\AMM\AndroidManifest.xml:285:13-62
	android:name
		ADDED from ACA PIMP\AMM\AndroidManifest.xml:284:13-58
activity#com.aca.pimp.InfoCargoActivity
ADDED from ACA PIMP\AMM\AndroidManifest.xml:287:9-290:20
	android:label
		ADDED from ACA PIMP\AMM\AndroidManifest.xml:289:13-62
	android:name
		ADDED from ACA PIMP\AMM\AndroidManifest.xml:288:13-58
activity#com.aca.pimp.ChooseVesselNameActivity
ADDED from ACA PIMP\AMM\AndroidManifest.xml:291:9-306:20
	android:screenOrientation
		ADDED from ACA PIMP\AMM\AndroidManifest.xml:295:13-49
	android:label
		ADDED from ACA PIMP\AMM\AndroidManifest.xml:293:13-70
	android:launchMode
		ADDED from ACA PIMP\AMM\AndroidManifest.xml:294:13-43
	android:name
		ADDED from ACA PIMP\AMM\AndroidManifest.xml:292:13-65
activity#com.aca.pimp.ChooseVesselTypeActivity
ADDED from ACA PIMP\AMM\AndroidManifest.xml:307:9-322:20
	android:screenOrientation
		ADDED from ACA PIMP\AMM\AndroidManifest.xml:311:13-49
	android:label
		ADDED from ACA PIMP\AMM\AndroidManifest.xml:309:13-70
	android:launchMode
		ADDED from ACA PIMP\AMM\AndroidManifest.xml:310:13-43
	android:name
		ADDED from ACA PIMP\AMM\AndroidManifest.xml:308:13-65
activity#com.aca.pimp.ChooseProvinceActivity
ADDED from ACA PIMP\AMM\AndroidManifest.xml:323:9-326:20
	android:label
		ADDED from ACA PIMP\AMM\AndroidManifest.xml:325:13-67
	android:name
		ADDED from ACA PIMP\AMM\AndroidManifest.xml:324:13-63
activity#com.aca.pimp.ChooseCountryActivity
ADDED from ACA PIMP\AMM\AndroidManifest.xml:327:9-330:20
	android:label
		ADDED from ACA PIMP\AMM\AndroidManifest.xml:329:13-66
	android:name
		ADDED from ACA PIMP\AMM\AndroidManifest.xml:328:13-62
activity#com.aca.pimp.ChooseCarBrandActivity
ADDED from ACA PIMP\AMM\AndroidManifest.xml:331:9-334:20
	android:label
		ADDED from ACA PIMP\AMM\AndroidManifest.xml:333:13-68
	android:name
		ADDED from ACA PIMP\AMM\AndroidManifest.xml:332:13-63
activity#com.aca.pimp.ChooseCarTypeActivity
ADDED from ACA PIMP\AMM\AndroidManifest.xml:335:9-338:20
	android:label
		ADDED from ACA PIMP\AMM\AndroidManifest.xml:337:13-67
	android:name
		ADDED from ACA PIMP\AMM\AndroidManifest.xml:336:13-62
activity#com.aca.pimp.TabbedActivity
ADDED from ACA PIMP\AMM\AndroidManifest.xml:339:9-342:20
	android:label
		ADDED from ACA PIMP\AMM\AndroidManifest.xml:341:13-58
	android:name
		ADDED from ACA PIMP\AMM\AndroidManifest.xml:340:13-55
activity#com.aca.pimp.InfoWellWomanActivity
ADDED from ACA PIMP\AMM\AndroidManifest.xml:343:9-346:20
	android:label
		ADDED from ACA PIMP\AMM\AndroidManifest.xml:345:13-67
	android:name
		ADDED from ACA PIMP\AMM\AndroidManifest.xml:344:13-62
activity#com.aca.pimp.FillWellWomanActivity
ADDED from ACA PIMP\AMM\AndroidManifest.xml:347:9-350:20
	android:label
		ADDED from ACA PIMP\AMM\AndroidManifest.xml:349:13-67
	android:name
		ADDED from ACA PIMP\AMM\AndroidManifest.xml:348:13-62
activity#com.aca.pimp.FillDNOActivity
ADDED from ACA PIMP\AMM\AndroidManifest.xml:351:9-354:20
	android:label
		ADDED from ACA PIMP\AMM\AndroidManifest.xml:353:13-60
	android:name
		ADDED from ACA PIMP\AMM\AndroidManifest.xml:352:13-56
activity#com.aca.pimp.InfoDNOActivity
ADDED from ACA PIMP\AMM\AndroidManifest.xml:355:9-358:20
	android:label
		ADDED from ACA PIMP\AMM\AndroidManifest.xml:357:13-60
	android:name
		ADDED from ACA PIMP\AMM\AndroidManifest.xml:356:13-56
activity#com.aca.pimp.ControlNormalActivity
ADDED from ACA PIMP\AMM\AndroidManifest.xml:359:9-362:20
	android:label
		ADDED from ACA PIMP\AMM\AndroidManifest.xml:361:13-45
	android:name
		ADDED from ACA PIMP\AMM\AndroidManifest.xml:360:13-62
service#com.aca.pimp.TaskService
ADDED from ACA PIMP\AMM\AndroidManifest.xml:365:9-367:40
	android:exported
		ADDED from ACA PIMP\AMM\AndroidManifest.xml:367:13-37
	android:name
		ADDED from ACA PIMP\AMM\AndroidManifest.xml:366:13-52
receiver#com.aca.pimp.AlarmReceiver
ADDED from ACA PIMP\AMM\AndroidManifest.xml:369:9-372:20
	android:process
		ADDED from ACA PIMP\AMM\AndroidManifest.xml:371:13-38
	android:name
		ADDED from ACA PIMP\AMM\AndroidManifest.xml:370:13-54
activity#com.aca.pimp.RegisterActivity
ADDED from ACA PIMP\AMM\AndroidManifest.xml:374:9-377:20
	android:label
		ADDED from ACA PIMP\AMM\AndroidManifest.xml:376:13-60
	android:name
		ADDED from ACA PIMP\AMM\AndroidManifest.xml:375:13-57
activity#com.aca.pimp.RegisterOrLoginActivity
ADDED from ACA PIMP\AMM\AndroidManifest.xml:378:9-381:20
	android:label
		ADDED from ACA PIMP\AMM\AndroidManifest.xml:380:13-69
	android:name
		ADDED from ACA PIMP\AMM\AndroidManifest.xml:379:13-64
activity#com.aca.pimp.MyProfileActivity
ADDED from ACA PIMP\AMM\AndroidManifest.xml:382:9-389:20
	android:label
		ADDED from ACA PIMP\AMM\AndroidManifest.xml:384:13-62
	android:parentActivityName
		ADDED from ACA PIMP\AMM\AndroidManifest.xml:385:13-68
	android:name
		ADDED from ACA PIMP\AMM\AndroidManifest.xml:383:13-58
meta-data#android.support.PARENT_ACTIVITY
ADDED from ACA PIMP\AMM\AndroidManifest.xml:386:13-388:62
	android:value
		ADDED from ACA PIMP\AMM\AndroidManifest.xml:388:17-59
	android:name
		ADDED from ACA PIMP\AMM\AndroidManifest.xml:387:17-63
activity#com.aca.pimp.FillKonvensionalActivity
ADDED from ACA PIMP\AMM\AndroidManifest.xml:391:9-394:20
	android:label
		ADDED from ACA PIMP\AMM\AndroidManifest.xml:393:13-70
	android:name
		ADDED from ACA PIMP\AMM\AndroidManifest.xml:392:13-65
activity#com.aca.pimp.InfoKonvensionalActivity
ADDED from ACA PIMP\AMM\AndroidManifest.xml:395:9-398:20
	android:label
		ADDED from ACA PIMP\AMM\AndroidManifest.xml:397:13-69
	android:name
		ADDED from ACA PIMP\AMM\AndroidManifest.xml:396:13-65
activity#com.aca.pimp.FillInsuredGroupActivity
ADDED from ACA PIMP\AMM\AndroidManifest.xml:399:9-402:20
	android:label
		ADDED from ACA PIMP\AMM\AndroidManifest.xml:401:13-70
	android:name
		ADDED from ACA PIMP\AMM\AndroidManifest.xml:400:13-65
activity#com.aca.pimp.ChooseProductionMenuActivity
ADDED from ACA PIMP\AMM\AndroidManifest.xml:403:9-410:20
	android:label
		ADDED from ACA PIMP\AMM\AndroidManifest.xml:405:13-67
	android:parentActivityName
		ADDED from ACA PIMP\AMM\AndroidManifest.xml:406:13-68
	android:name
		ADDED from ACA PIMP\AMM\AndroidManifest.xml:404:13-69
activity#com.aca.pimp.ChooseProductionReportActivity
ADDED from ACA PIMP\AMM\AndroidManifest.xml:411:9-418:20
	android:label
		ADDED from ACA PIMP\AMM\AndroidManifest.xml:413:13-76
	android:parentActivityName
		ADDED from ACA PIMP\AMM\AndroidManifest.xml:414:13-83
	android:name
		ADDED from ACA PIMP\AMM\AndroidManifest.xml:412:13-71
activity#com.aca.pimp.PhotoShowActivity
ADDED from ACA PIMP\AMM\AndroidManifest.xml:420:9-423:20
	android:label
		ADDED from ACA PIMP\AMM\AndroidManifest.xml:422:13-62
	android:name
		ADDED from ACA PIMP\AMM\AndroidManifest.xml:421:13-58